
> shopwriter-app@0.1.0 typecheck C:\Users\81905\shopwriter-new
> tsc --noEmit

app/(dashboard)/dashboard/share/[id]/page.tsx(3,23): error TS2307: Cannot find module '@/components/share/ShareCard' or its corresponding type declarations.
app/(dashboard)/dashboard/templates/page.backup-before-dialog-wrap.tsx(18,8): error TS2307: Cannot find module '@/components/ui/table' or its corresponding type declarations.
app/(dashboard)/dashboard/templates/page.backup-before-dialog-wrap.tsx(19,23): error TS2307: Cannot find module '@/components/ui/input' or its corresponding type declarations.
app/(dashboard)/dashboard/templates/page.backup-before-dialog-wrap.tsx(20,23): error TS2307: Cannot find module '@/components/ui/badge' or its corresponding type declarations.
app/(dashboard)/dashboard/templates/page.backup-before-dialog-wrap.tsx(29,8): error TS2307: Cannot find module '@/components/ui/dialog' or its corresponding type declarations.
app/(dashboard)/dashboard/templates/page.backup-before-dialog-wrap.tsx(30,23): error TS2307: Cannot find module '@/components/ui/label' or its corresponding type declarations.
app/(dashboard)/dashboard/templates/page.backup-before-dialog-wrap.tsx(31,26): error TS2307: Cannot find module '@/components/ui/textarea' or its corresponding type declarations.
app/(dashboard)/dashboard/templates/page.backup-before-dialog-wrap.tsx(116,16): error TS2339: Property 'error' does not exist on type '(message: string, kind?: ToastKind, d?: DescOrOptions) => string | number'.
app/(dashboard)/dashboard/templates/page.backup-before-dialog-wrap.tsx(118,16): error TS2339: Property 'error' does not exist on type '(message: string, kind?: ToastKind, d?: DescOrOptions) => string | number'.
app/(dashboard)/dashboard/templates/page.backup-before-dialog-wrap.tsx(121,14): error TS2339: Property 'error' does not exist on type '(message: string, kind?: ToastKind, d?: DescOrOptions) => string | number'.
app/(dashboard)/dashboard/templates/page.backup-before-dialog-wrap.tsx(150,16): error TS2339: Property 'error' does not exist on type '(message: string, kind?: ToastKind, d?: DescOrOptions) => string | number'.
app/(dashboard)/dashboard/templates/page.backup-before-dialog-wrap.tsx(169,16): error TS2339: Property 'success' does not exist on type '(message: string, kind?: ToastKind, d?: DescOrOptions) => string | number'.
app/(dashboard)/dashboard/templates/page.backup-before-dialog-wrap.tsx(176,16): error TS2339: Property 'error' does not exist on type '(message: string, kind?: ToastKind, d?: DescOrOptions) => string | number'.
app/(dashboard)/dashboard/templates/page.backup-before-dialog-wrap.tsx(178,16): error TS2339: Property 'error' does not exist on type '(message: string, kind?: ToastKind, d?: DescOrOptions) => string | number'.
app/(dashboard)/dashboard/templates/page.backup-before-dialog-wrap.tsx(181,14): error TS2339: Property 'error' does not exist on type '(message: string, kind?: ToastKind, d?: DescOrOptions) => string | number'.
app/(dashboard)/dashboard/templates/page.backup-before-dialog-wrap.tsx(204,30): error TS7006: Parameter 'v' implicitly has an 'any' type.
app/(dashboard)/dashboard/templates/page.backup-before-dialog-wrap.tsx(232,34): error TS7006: Parameter 'e' implicitly has an 'any' type.
app/(dashboard)/dashboard/templates/page.backup-before-dialog-wrap.tsx(243,34): error TS7006: Parameter 'e' implicitly has an 'any' type.
app/(dashboard)/dashboard/templates/page.backup-before-dialog-wrap.tsx(264,26): error TS7006: Parameter 'e' implicitly has an 'any' type.
app/(dashboard)/dashboard/templates/page.tsx(17,8): error TS2307: Cannot find module '@/components/ui/table' or its corresponding type declarations.
app/(dashboard)/dashboard/templates/page.tsx(18,23): error TS2307: Cannot find module '@/components/ui/input' or its corresponding type declarations.
app/(dashboard)/dashboard/templates/page.tsx(19,23): error TS2307: Cannot find module '@/components/ui/badge' or its corresponding type declarations.
app/(dashboard)/dashboard/templates/page.tsx(29,8): error TS2307: Cannot find module '@/components/ui/dialog' or its corresponding type declarations.
app/(dashboard)/dashboard/templates/page.tsx(30,23): error TS2307: Cannot find module '@/components/ui/label' or its corresponding type declarations.
app/(dashboard)/dashboard/templates/page.tsx(31,26): error TS2307: Cannot find module '@/components/ui/textarea' or its corresponding type declarations.
app/(dashboard)/dashboard/templates/page.tsx(118,16): error TS2339: Property 'error' does not exist on type '(message: string, kind?: ToastKind, d?: DescOrOptions) => string | number'.
app/(dashboard)/dashboard/templates/page.tsx(120,16): error TS2339: Property 'error' does not exist on type '(message: string, kind?: ToastKind, d?: DescOrOptions) => string | number'.
app/(dashboard)/dashboard/templates/page.tsx(123,14): error TS2339: Property 'error' does not exist on type '(message: string, kind?: ToastKind, d?: DescOrOptions) => string | number'.
app/(dashboard)/dashboard/templates/page.tsx(152,16): error TS2339: Property 'error' does not exist on type '(message: string, kind?: ToastKind, d?: DescOrOptions) => string | number'.
app/(dashboard)/dashboard/templates/page.tsx(171,16): error TS2339: Property 'success' does not exist on type '(message: string, kind?: ToastKind, d?: DescOrOptions) => string | number'.
app/(dashboard)/dashboard/templates/page.tsx(178,16): error TS2339: Property 'error' does not exist on type '(message: string, kind?: ToastKind, d?: DescOrOptions) => string | number'.
app/(dashboard)/dashboard/templates/page.tsx(180,16): error TS2339: Property 'error' does not exist on type '(message: string, kind?: ToastKind, d?: DescOrOptions) => string | number'.
app/(dashboard)/dashboard/templates/page.tsx(183,14): error TS2339: Property 'error' does not exist on type '(message: string, kind?: ToastKind, d?: DescOrOptions) => string | number'.
app/(dashboard)/dashboard/templates/page.tsx(217,32): error TS7006: Parameter 'v' implicitly has an 'any' type.
app/(dashboard)/dashboard/templates/page.tsx(270,36): error TS7006: Parameter 'e' implicitly has an 'any' type.
app/(dashboard)/dashboard/templates/page.tsx(287,36): error TS7006: Parameter 'e' implicitly has an 'any' type.
app/(dashboard)/dashboard/templates/page.tsx(348,28): error TS7006: Parameter 'e' implicitly has an 'any' type.
app/(dashboard)/templates/page.tsx(8,79): error TS2307: Cannot find module '@/components/ui/table' or its corresponding type declarations.
app/(dashboard)/templates/page.tsx(16,8): error TS2307: Cannot find module '@/components/ui/dropdown-menu' or its corresponding type declarations.
app/(dashboard)/templates/page.tsx(26,8): error TS2307: Cannot find module '@/components/ui/dialog' or its corresponding type declarations.
app/(dashboard)/templates/page.tsx(27,23): error TS2307: Cannot find module '@/components/ui/label' or its corresponding type declarations.
app/(dashboard)/templates/page.tsx(28,23): error TS2307: Cannot find module '@/components/ui/input' or its corresponding type declarations.
app/(dashboard)/templates/page.tsx(29,26): error TS2307: Cannot find module '@/components/ui/textarea' or its corresponding type declarations.
app/(dashboard)/templates/page.tsx(129,25): error TS2339: Property 'id' does not exist on type '{ name?: string | null | undefined; email?: string | null | undefined; image?: string | null | undefined; }'.
app/(dashboard)/templates/page.tsx(130,14): error TS2339: Property 'info' does not exist on type '(message: string, kind?: ToastKind, d?: DescOrOptions) => string | number'.
app/(dashboard)/templates/page.tsx(136,14): error TS2339: Property 'error' does not exist on type '(message: string, kind?: ToastKind, d?: DescOrOptions) => string | number'.
app/(dashboard)/templates/page.tsx(146,44): error TS2339: Property 'id' does not exist on type '{ name?: string | null | undefined; email?: string | null | undefined; image?: string | null | undefined; }'.
app/(dashboard)/templates/page.tsx(154,16): error TS2339: Property 'error' does not exist on type '(message: string, kind?: ToastKind, d?: DescOrOptions) => string | number'.
app/(dashboard)/templates/page.tsx(158,14): error TS2339: Property 'success' does not exist on type '(message: string, kind?: ToastKind, d?: DescOrOptions) => string | number'.
app/(dashboard)/templates/page.tsx(164,14): error TS2339: Property 'error' does not exist on type '(message: string, kind?: ToastKind, d?: DescOrOptions) => string | number'.
app/(dashboard)/templates/page.tsx(174,14): error TS2339: Property 'error' does not exist on type '(message: string, kind?: ToastKind, d?: DescOrOptions) => string | number'.
app/(dashboard)/templates/page.tsx(185,25): error TS2339: Property 'id' does not exist on type '{ name?: string | null | undefined; email?: string | null | undefined; image?: string | null | undefined; }'.
app/(dashboard)/templates/page.tsx(186,14): error TS2339: Property 'info' does not exist on type '(message: string, kind?: ToastKind, d?: DescOrOptions) => string | number'.
app/(dashboard)/templates/page.tsx(192,14): error TS2339: Property 'error' does not exist on type '(message: string, kind?: ToastKind, d?: DescOrOptions) => string | number'.
app/(dashboard)/templates/page.tsx(196,14): error TS2339: Property 'error' does not exist on type '(message: string, kind?: ToastKind, d?: DescOrOptions) => string | number'.
app/(dashboard)/templates/page.tsx(206,44): error TS2339: Property 'id' does not exist on type '{ name?: string | null | undefined; email?: string | null | undefined; image?: string | null | undefined; }'.
app/(dashboard)/templates/page.tsx(214,16): error TS2339: Property 'error' does not exist on type '(message: string, kind?: ToastKind, d?: DescOrOptions) => string | number'.
app/(dashboard)/templates/page.tsx(218,14): error TS2339: Property 'success' does not exist on type '(message: string, kind?: ToastKind, d?: DescOrOptions) => string | number'.
app/(dashboard)/templates/page.tsx(225,14): error TS2339: Property 'error' does not exist on type '(message: string, kind?: ToastKind, d?: DescOrOptions) => string | number'.
app/(dashboard)/templates/page.tsx(235,14): error TS2339: Property 'error' does not exist on type '(message: string, kind?: ToastKind, d?: DescOrOptions) => string | number'.
app/(dashboard)/templates/page.tsx(244,25): error TS2339: Property 'id' does not exist on type '{ name?: string | null | undefined; email?: string | null | undefined; image?: string | null | undefined; }'.
app/(dashboard)/templates/page.tsx(245,14): error TS2339: Property 'info' does not exist on type '(message: string, kind?: ToastKind, d?: DescOrOptions) => string | number'.
app/(dashboard)/templates/page.tsx(249,14): error TS2339: Property 'error' does not exist on type '(message: string, kind?: ToastKind, d?: DescOrOptions) => string | number'.
app/(dashboard)/templates/page.tsx(257,53): error TS2339: Property 'id' does not exist on type '{ name?: string | null | undefined; email?: string | null | undefined; image?: string | null | undefined; }'.
app/(dashboard)/templates/page.tsx(263,16): error TS2339: Property 'error' does not exist on type '(message: string, kind?: ToastKind, d?: DescOrOptions) => string | number'.
app/(dashboard)/templates/page.tsx(267,14): error TS2339: Property 'success' does not exist on type '(message: string, kind?: ToastKind, d?: DescOrOptions) => string | number'.
app/(dashboard)/templates/page.tsx(272,14): error TS2339: Property 'error' does not exist on type '(message: string, kind?: ToastKind, d?: DescOrOptions) => string | number'.
app/(dashboard)/templates/page.tsx(316,32): error TS7006: Parameter 'e' implicitly has an 'any' type.
app/(dashboard)/templates/page.tsx(325,32): error TS7006: Parameter 'e' implicitly has an 'any' type.
app/(dashboard)/templates/page.tsx(415,44): error TS2339: Property 'id' does not exist on type '{ name?: string | null | undefined; email?: string | null | undefined; image?: string | null | undefined; }'.
app/(dashboard)/templates/page.tsx(461,28): error TS7006: Parameter 'e' implicitly has an 'any' type.
app/(dashboard)/templates/page.tsx(470,28): error TS7006: Parameter 'e' implicitly has an 'any' type.
app/debug/dialog/page.tsx(14,8): error TS2307: Cannot find module '@/components/ui/dialog' or its corresponding type declarations.
app/debug/drafts-post/page.tsx(6,23): error TS2307: Cannot find module '@/components/ui/input' or its corresponding type declarations.
app/debug/drafts-post/page.tsx(7,23): error TS2307: Cannot find module '@/components/ui/label' or its corresponding type declarations.
app/debug/drafts-post/page.tsx(8,26): error TS2307: Cannot find module '@/components/ui/textarea' or its corresponding type declarations.
app/debug/drafts-post/page.tsx(77,24): error TS7006: Parameter 'e' implicitly has an 'any' type.
app/debug/drafts-post/page.tsx(88,24): error TS7006: Parameter 'e' implicitly has an 'any' type.
窶右LIFECYCLE窶・Command failed with exit code 2.
